build/app/intermediates/manifest_merge_blame_file/debug/manifest-merger-blame-debug-report.txt
1<?xml version="1.0" encoding="utf-8"?>
2<manifest xmlns:android="http://schemas.android.com/apk/res/android"
3    package="com.example.youtube_clone_app"
4    android:versionCode="1"
5    android:versionName="1.0.0" >
6
7    <uses-sdk
8        android:minSdkVersion="21"
9        android:targetSdkVersion="30" />
10    <!--
11         Flutter needs it to communicate with the running application
12         to allow setting breakpoints, to provide hot reload, etc.
13    -->
14    <uses-permission android:name="android.permission.INTERNET" />
14-->src\main\AndroidManifest.xml:3:1-63
14-->src\main\AndroidManifest.xml:3:18-60
15
16    <queries>
16-->[:flutter_inappwebview] AndroidManifest.xml:7:5-11:15
17        <intent>
17-->[:flutter_inappwebview] AndroidManifest.xml:8:9-10:18
18            <action android:name="android.support.customtabs.action.CustomTabsService" />
18-->[:flutter_inappwebview] AndroidManifest.xml:9:13-90
18-->[:flutter_inappwebview] AndroidManifest.xml:9:21-87
19        </intent>
20    </queries>
21
22    <application
22-->src\main\AndroidManifest.xml:4:4-41:19
23        android:appComponentFactory="androidx.core.app.CoreComponentFactory"
23-->[androidx.core:core:1.3.0] AndroidManifest.xml:24:18-86
24        android:debuggable="true"
25        android:icon="@mipmap/ic_launcher"
25-->src\main\AndroidManifest.xml:6:9-43
26        android:label="youtube_clone_app" >
26-->src\main\AndroidManifest.xml:5:9-42
27        <activity
27-->src\main\AndroidManifest.xml:7:9-35:20
28            android:name="com.example.youtube_clone_app.MainActivity"
28-->src\main\AndroidManifest.xml:8:13-41
29            android:configChanges="orientation|keyboardHidden|keyboard|screenSize|smallestScreenSize|locale|layoutDirection|fontScale|screenLayout|density|uiMode"
29-->src\main\AndroidManifest.xml:11:13-163
30            android:hardwareAccelerated="true"
30-->src\main\AndroidManifest.xml:12:13-47
31            android:launchMode="singleTop"
31-->src\main\AndroidManifest.xml:9:13-43
32            android:theme="@style/LaunchTheme"
32-->src\main\AndroidManifest.xml:10:13-47
33            android:windowSoftInputMode="adjustResize" >
33-->src\main\AndroidManifest.xml:13:13-55
34
35            <!--
36                 Specifies an Android theme to apply to this Activity as soon as
37                 the Android process has started. This theme is visible to the user
38                 while the Flutter UI initializes. After that, this theme continues
39                 to determine the Window background behind the Flutter UI.
40            -->
41            <meta-data
41-->src\main\AndroidManifest.xml:18:13-21:17
42                android:name="io.flutter.embedding.android.NormalTheme"
42-->src\main\AndroidManifest.xml:19:15-70
43                android:resource="@style/NormalTheme" />
43-->src\main\AndroidManifest.xml:20:15-52
44            <!--
45                 Displays an Android View that continues showing the launch screen
46                 Drawable until Flutter paints its first frame, then this splash
47                 screen fades out. A splash screen is useful to avoid any visual
48                 gap between the end of Android's launch screen and the painting of
49                 Flutter's first frame.
50            -->
51            <meta-data
51-->src\main\AndroidManifest.xml:27:13-30:17
52                android:name="io.flutter.embedding.android.SplashScreenDrawable"
52-->src\main\AndroidManifest.xml:28:15-79
53                android:resource="@drawable/launch_background" />
53-->src\main\AndroidManifest.xml:29:15-61
54
55            <intent-filter>
55-->src\main\AndroidManifest.xml:31:13-34:29
56                <action android:name="android.intent.action.MAIN" />
56-->src\main\AndroidManifest.xml:32:17-68
56-->src\main\AndroidManifest.xml:32:25-66
57
58                <category android:name="android.intent.category.LAUNCHER" />
58-->src\main\AndroidManifest.xml:33:17-76
58-->src\main\AndroidManifest.xml:33:27-74
59            </intent-filter>
60        </activity>
61        <!--
62             Don't delete the meta-data below.
63             This is used by the Flutter tool to generate GeneratedPluginRegistrant.java
64        -->
65        <meta-data
65-->src\main\AndroidManifest.xml:38:9-40:33
66            android:name="flutterEmbedding"
66-->src\main\AndroidManifest.xml:39:13-44
67            android:value="2" />
67-->src\main\AndroidManifest.xml:40:13-30
68
69        <activity
69-->[:flutter_inappwebview] AndroidManifest.xml:14:9-17:47
70            android:name="com.pichillilorenzo.flutter_inappwebview.in_app_browser.InAppBrowserActivity"
70-->[:flutter_inappwebview] AndroidManifest.xml:15:13-104
71            android:configChanges="orientation|keyboardHidden|keyboard|screenSize|locale|layoutDirection|fontScale|screenLayout|density"
71-->[:flutter_inappwebview] AndroidManifest.xml:16:13-137
72            android:theme="@style/AppTheme" />
72-->[:flutter_inappwebview] AndroidManifest.xml:17:13-44
73        <activity
73-->[:flutter_inappwebview] AndroidManifest.xml:18:9-20:55
74            android:name="com.pichillilorenzo.flutter_inappwebview.chrome_custom_tabs.ChromeCustomTabsActivity"
74-->[:flutter_inappwebview] AndroidManifest.xml:19:13-112
75            android:theme="@style/ThemeTransparent" />
75-->[:flutter_inappwebview] AndroidManifest.xml:20:13-52
76
77        <receiver android:name="com.pichillilorenzo.flutter_inappwebview.chrome_custom_tabs.ActionBroadcastReceiver" />
77-->[:flutter_inappwebview] AndroidManifest.xml:22:9-120
77-->[:flutter_inappwebview] AndroidManifest.xml:22:19-117
78
79        <meta-data
79-->[:flutter_inappwebview] AndroidManifest.xml:24:9-26:36
80            android:name="io.flutter.embedded_views_preview"
80-->[:flutter_inappwebview] AndroidManifest.xml:25:13-61
81            android:value="true" />
81-->[:flutter_inappwebview] AndroidManifest.xml:26:13-33
82    </application>
83
84</manifest>